<?xml version="1.0" encoding="UTF-8"?>
<testsuite xmlns:xsi="http://www.w3.org/2001/XMLSchema-instance" xsi:noNamespaceSchemaLocation="https://maven.apache.org/surefire/maven-surefire-plugin/xsd/surefire-test-report-3.0.xsd" version="3.0" name="TestSuite" time="5.241" tests="5" errors="0" skipped="0" failures="0">
  <properties>
    <property name="java.specification.version" value="17"/>
    <property name="sun.cpu.isalist" value="amd64"/>
    <property name="sun.jnu.encoding" value="Cp1252"/>
    <property name="java.class.path" value="D:\Karate Framework\test1\target\test-classes;D:\Karate Framework\test1\target\classes;C:\Users\Dinesh\.m2\repository\junit\junit\3.8.1\junit-3.8.1.jar;C:\Users\Dinesh\.m2\repository\org\seleniumhq\selenium\selenium-java\3.11.0\selenium-java-3.11.0.jar;C:\Users\Dinesh\.m2\repository\org\seleniumhq\selenium\selenium-api\3.11.0\selenium-api-3.11.0.jar;C:\Users\Dinesh\.m2\repository\org\seleniumhq\selenium\selenium-chrome-driver\3.11.0\selenium-chrome-driver-3.11.0.jar;C:\Users\Dinesh\.m2\repository\org\seleniumhq\selenium\selenium-edge-driver\3.11.0\selenium-edge-driver-3.11.0.jar;C:\Users\Dinesh\.m2\repository\org\seleniumhq\selenium\selenium-firefox-driver\3.11.0\selenium-firefox-driver-3.11.0.jar;C:\Users\Dinesh\.m2\repository\org\seleniumhq\selenium\selenium-ie-driver\3.11.0\selenium-ie-driver-3.11.0.jar;C:\Users\Dinesh\.m2\repository\org\seleniumhq\selenium\selenium-opera-driver\3.11.0\selenium-opera-driver-3.11.0.jar;C:\Users\Dinesh\.m2\repository\org\seleniumhq\selenium\selenium-remote-driver\3.11.0\selenium-remote-driver-3.11.0.jar;C:\Users\Dinesh\.m2\repository\org\seleniumhq\selenium\selenium-safari-driver\3.11.0\selenium-safari-driver-3.11.0.jar;C:\Users\Dinesh\.m2\repository\org\seleniumhq\selenium\selenium-support\3.11.0\selenium-support-3.11.0.jar;C:\Users\Dinesh\.m2\repository\net\bytebuddy\byte-buddy\1.7.9\byte-buddy-1.7.9.jar;C:\Users\Dinesh\.m2\repository\org\apache\commons\commons-exec\1.3\commons-exec-1.3.jar;C:\Users\Dinesh\.m2\repository\commons-codec\commons-codec\1.10\commons-codec-1.10.jar;C:\Users\Dinesh\.m2\repository\commons-logging\commons-logging\1.2\commons-logging-1.2.jar;C:\Users\Dinesh\.m2\repository\com\google\guava\guava\23.6-jre\guava-23.6-jre.jar;C:\Users\Dinesh\.m2\repository\com\google\code\findbugs\jsr305\1.3.9\jsr305-1.3.9.jar;C:\Users\Dinesh\.m2\repository\org\checkerframework\checker-compat-qual\2.0.0\checker-compat-qual-2.0.0.jar;C:\Users\Dinesh\.m2\repository\com\google\errorprone\error_prone_annotations\2.1.3\error_prone_annotations-2.1.3.jar;C:\Users\Dinesh\.m2\repository\com\google\j2objc\j2objc-annotations\1.1\j2objc-annotations-1.1.jar;C:\Users\Dinesh\.m2\repository\org\codehaus\mojo\animal-sniffer-annotations\1.14\animal-sniffer-annotations-1.14.jar;C:\Users\Dinesh\.m2\repository\org\apache\httpcomponents\httpclient\4.5.3\httpclient-4.5.3.jar;C:\Users\Dinesh\.m2\repository\org\apache\httpcomponents\httpcore\4.4.6\httpcore-4.4.6.jar;C:\Users\Dinesh\.m2\repository\com\squareup\okhttp3\okhttp\3.9.1\okhttp-3.9.1.jar;C:\Users\Dinesh\.m2\repository\com\squareup\okio\okio\1.13.0\okio-1.13.0.jar;C:\Users\Dinesh\.m2\repository\org\testng\testng\6.8\testng-6.8.jar;C:\Users\Dinesh\.m2\repository\org\beanshell\bsh\2.0b4\bsh-2.0b4.jar;C:\Users\Dinesh\.m2\repository\com\beust\jcommander\1.27\jcommander-1.27.jar;C:\Users\Dinesh\.m2\repository\org\yaml\snakeyaml\1.6\snakeyaml-1.6.jar;C:\Users\Dinesh\.m2\repository\io\rest-assured\json-path\4.3.0\json-path-4.3.0.jar;C:\Users\Dinesh\.m2\repository\org\codehaus\groovy\groovy-json\3.0.2\groovy-json-3.0.2.jar;C:\Users\Dinesh\.m2\repository\org\codehaus\groovy\groovy\3.0.2\groovy-3.0.2.jar;C:\Users\Dinesh\.m2\repository\io\rest-assured\rest-assured-common\4.3.0\rest-assured-common-4.3.0.jar;C:\Users\Dinesh\.m2\repository\io\rest-assured\json-schema-validator\4.3.0\json-schema-validator-4.3.0.jar;C:\Users\Dinesh\.m2\repository\com\github\java-json-tools\json-schema-validator\2.2.10\json-schema-validator-2.2.10.jar;C:\Users\Dinesh\.m2\repository\com\github\java-json-tools\json-schema-core\1.2.10\json-schema-core-1.2.10.jar;C:\Users\Dinesh\.m2\repository\com\github\java-json-tools\jackson-coreutils\1.9\jackson-coreutils-1.9.jar;C:\Users\Dinesh\.m2\repository\com\github\fge\msg-simple\1.1\msg-simple-1.1.jar;C:\Users\Dinesh\.m2\repository\com\github\fge\btf\1.2\btf-1.2.jar;C:\Users\Dinesh\.m2\repository\com\github\fge\uri-template\0.9\uri-template-0.9.jar;C:\Users\Dinesh\.m2\repository\org\mozilla\rhino\1.7.7.1\rhino-1.7.7.1.jar;C:\Users\Dinesh\.m2\repository\javax\mail\mailapi\1.4.3\mailapi-1.4.3.jar;C:\Users\Dinesh\.m2\repository\joda-time\joda-time\2.9.7\joda-time-2.9.7.jar;C:\Users\Dinesh\.m2\repository\com\googlecode\libphonenumber\libphonenumber\8.0.0\libphonenumber-8.0.0.jar;C:\Users\Dinesh\.m2\repository\net\sf\jopt-simple\jopt-simple\5.0.3\jopt-simple-5.0.3.jar;C:\Users\Dinesh\.m2\repository\org\hamcrest\hamcrest\2.1\hamcrest-2.1.jar;C:\Users\Dinesh\.m2\repository\io\rest-assured\rest-assured\4.3.0\rest-assured-4.3.0.jar;C:\Users\Dinesh\.m2\repository\org\codehaus\groovy\groovy-xml\3.0.2\groovy-xml-3.0.2.jar;C:\Users\Dinesh\.m2\repository\org\apache\httpcomponents\httpmime\4.5.3\httpmime-4.5.3.jar;C:\Users\Dinesh\.m2\repository\org\ccil\cowan\tagsoup\tagsoup\1.2.1\tagsoup-1.2.1.jar;C:\Users\Dinesh\.m2\repository\io\rest-assured\xml-path\4.3.0\xml-path-4.3.0.jar;C:\Users\Dinesh\.m2\repository\org\apache\commons\commons-lang3\3.4\commons-lang3-3.4.jar;C:\Users\Dinesh\.m2\repository\jakarta\xml\bind\jakarta.xml.bind-api\2.3.2\jakarta.xml.bind-api-2.3.2.jar;C:\Users\Dinesh\.m2\repository\jakarta\activation\jakarta.activation-api\1.2.1\jakarta.activation-api-1.2.1.jar;C:\Users\Dinesh\.m2\repository\com\sun\xml\bind\jaxb-osgi\2.3.0.1\jaxb-osgi-2.3.0.1.jar;C:\Users\Dinesh\.m2\repository\org\apache\sling\org.apache.sling.javax.activation\0.1.0\org.apache.sling.javax.activation-0.1.0.jar;C:\Users\Dinesh\.m2\repository\javax\activation\activation\1.1.1\activation-1.1.1.jar;C:\Users\Dinesh\.m2\repository\com\fasterxml\jackson\core\jackson-databind\2.13.3\jackson-databind-2.13.3.jar;C:\Users\Dinesh\.m2\repository\com\fasterxml\jackson\core\jackson-annotations\2.13.3\jackson-annotations-2.13.3.jar;C:\Users\Dinesh\.m2\repository\com\fasterxml\jackson\core\jackson-core\2.13.3\jackson-core-2.13.3.jar;C:\Users\Dinesh\.m2\repository\com\google\code\gson\gson\2.9.0\gson-2.9.0.jar;C:\Users\Dinesh\.m2\repository\org\hamcrest\hamcrest-all\1.3\hamcrest-all-1.3.jar;C:\Users\Dinesh\.m2\repository\com\microsoft\sqlserver\mssql-jdbc\11.2.0.jre8\mssql-jdbc-11.2.0.jre8.jar;C:\Users\Dinesh\.m2\repository\com\microsoft\azure\msal4j\1.13.0\msal4j-1.13.0.jar;C:\Users\Dinesh\.m2\repository\com\nimbusds\oauth2-oidc-sdk\9.35\oauth2-oidc-sdk-9.35.jar;C:\Users\Dinesh\.m2\repository\com\github\stephenc\jcip\jcip-annotations\1.0-1\jcip-annotations-1.0-1.jar;C:\Users\Dinesh\.m2\repository\com\nimbusds\content-type\2.2\content-type-2.2.jar;C:\Users\Dinesh\.m2\repository\com\nimbusds\lang-tag\1.6\lang-tag-1.6.jar;C:\Users\Dinesh\.m2\repository\com\nimbusds\nimbus-jose-jwt\9.22\nimbus-jose-jwt-9.22.jar;C:\Users\Dinesh\.m2\repository\net\minidev\json-smart\2.4.8\json-smart-2.4.8.jar;C:\Users\Dinesh\.m2\repository\net\minidev\accessors-smart\2.4.8\accessors-smart-2.4.8.jar;C:\Users\Dinesh\.m2\repository\org\ow2\asm\asm\9.1\asm-9.1.jar;C:\Users\Dinesh\.m2\repository\org\slf4j\slf4j-api\1.7.36\slf4j-api-1.7.36.jar;C:\Users\Dinesh\.m2\repository\commons-io\commons-io\1.3.2\commons-io-1.3.2.jar;C:\Users\Dinesh\.m2\repository\org\apache\poi\poi-ooxml\3.17\poi-ooxml-3.17.jar;C:\Users\Dinesh\.m2\repository\org\apache\poi\poi\3.17\poi-3.17.jar;C:\Users\Dinesh\.m2\repository\org\apache\commons\commons-collections4\4.1\commons-collections4-4.1.jar;C:\Users\Dinesh\.m2\repository\org\apache\poi\poi-ooxml-schemas\3.17\poi-ooxml-schemas-3.17.jar;C:\Users\Dinesh\.m2\repository\org\apache\xmlbeans\xmlbeans\2.6.0\xmlbeans-2.6.0.jar;C:\Users\Dinesh\.m2\repository\stax\stax-api\1.0.1\stax-api-1.0.1.jar;C:\Users\Dinesh\.m2\repository\com\github\virtuald\curvesapi\1.04\curvesapi-1.04.jar;C:\Users\Dinesh\.m2\repository\com\relevantcodes\extentreports\2.41.2\extentreports-2.41.2.jar;C:\Users\Dinesh\.m2\repository\org\jsoup\jsoup\1.8.3\jsoup-1.8.3.jar;C:\Users\Dinesh\.m2\repository\org\xerial\sqlite-jdbc\3.8.11.1\sqlite-jdbc-3.8.11.1.jar;C:\Users\Dinesh\.m2\repository\org\freemarker\freemarker\2.3.23\freemarker-2.3.23.jar;C:\Users\Dinesh\.m2\repository\org\mongodb\mongodb-driver\3.0.4\mongodb-driver-3.0.4.jar;C:\Users\Dinesh\.m2\repository\org\mongodb\bson\3.0.4\bson-3.0.4.jar;C:\Users\Dinesh\.m2\repository\org\mongodb\mongodb-driver-core\3.0.4\mongodb-driver-core-3.0.4.jar;"/>
    <property name="java.vm.vendor" value="Oracle Corporation"/>
    <property name="sun.arch.data.model" value="64"/>
    <property name="user.variant" value=""/>
    <property name="java.vendor.url" value="https://java.oracle.com/"/>
    <property name="user.timezone" value="Asia/Calcutta"/>
    <property name="os.name" value="Windows 11"/>
    <property name="java.vm.specification.version" value="17"/>
    <property name="sun.java.launcher" value="SUN_STANDARD"/>
    <property name="user.country" value="IN"/>
    <property name="sun.boot.library.path" value="C:\Program Files\Java\jdk-17.0.5\bin"/>
    <property name="sun.java.command" value="C:\Users\Dinesh\AppData\Local\Temp\surefire5827267695779116960\surefirebooter-20231002212901402_3.jar C:\Users\Dinesh\AppData\Local\Temp\surefire5827267695779116960 2023-10-02T21-29-01_232-jvmRun1 surefire-20231002212901402_1tmp surefire_0-20231002212901402_2tmp"/>
    <property name="jdk.debug" value="release"/>
    <property name="surefire.test.class.path" value="D:\Karate Framework\test1\target\test-classes;D:\Karate Framework\test1\target\classes;C:\Users\Dinesh\.m2\repository\junit\junit\3.8.1\junit-3.8.1.jar;C:\Users\Dinesh\.m2\repository\org\seleniumhq\selenium\selenium-java\3.11.0\selenium-java-3.11.0.jar;C:\Users\Dinesh\.m2\repository\org\seleniumhq\selenium\selenium-api\3.11.0\selenium-api-3.11.0.jar;C:\Users\Dinesh\.m2\repository\org\seleniumhq\selenium\selenium-chrome-driver\3.11.0\selenium-chrome-driver-3.11.0.jar;C:\Users\Dinesh\.m2\repository\org\seleniumhq\selenium\selenium-edge-driver\3.11.0\selenium-edge-driver-3.11.0.jar;C:\Users\Dinesh\.m2\repository\org\seleniumhq\selenium\selenium-firefox-driver\3.11.0\selenium-firefox-driver-3.11.0.jar;C:\Users\Dinesh\.m2\repository\org\seleniumhq\selenium\selenium-ie-driver\3.11.0\selenium-ie-driver-3.11.0.jar;C:\Users\Dinesh\.m2\repository\org\seleniumhq\selenium\selenium-opera-driver\3.11.0\selenium-opera-driver-3.11.0.jar;C:\Users\Dinesh\.m2\repository\org\seleniumhq\selenium\selenium-remote-driver\3.11.0\selenium-remote-driver-3.11.0.jar;C:\Users\Dinesh\.m2\repository\org\seleniumhq\selenium\selenium-safari-driver\3.11.0\selenium-safari-driver-3.11.0.jar;C:\Users\Dinesh\.m2\repository\org\seleniumhq\selenium\selenium-support\3.11.0\selenium-support-3.11.0.jar;C:\Users\Dinesh\.m2\repository\net\bytebuddy\byte-buddy\1.7.9\byte-buddy-1.7.9.jar;C:\Users\Dinesh\.m2\repository\org\apache\commons\commons-exec\1.3\commons-exec-1.3.jar;C:\Users\Dinesh\.m2\repository\commons-codec\commons-codec\1.10\commons-codec-1.10.jar;C:\Users\Dinesh\.m2\repository\commons-logging\commons-logging\1.2\commons-logging-1.2.jar;C:\Users\Dinesh\.m2\repository\com\google\guava\guava\23.6-jre\guava-23.6-jre.jar;C:\Users\Dinesh\.m2\repository\com\google\code\findbugs\jsr305\1.3.9\jsr305-1.3.9.jar;C:\Users\Dinesh\.m2\repository\org\checkerframework\checker-compat-qual\2.0.0\checker-compat-qual-2.0.0.jar;C:\Users\Dinesh\.m2\repository\com\google\errorprone\error_prone_annotations\2.1.3\error_prone_annotations-2.1.3.jar;C:\Users\Dinesh\.m2\repository\com\google\j2objc\j2objc-annotations\1.1\j2objc-annotations-1.1.jar;C:\Users\Dinesh\.m2\repository\org\codehaus\mojo\animal-sniffer-annotations\1.14\animal-sniffer-annotations-1.14.jar;C:\Users\Dinesh\.m2\repository\org\apache\httpcomponents\httpclient\4.5.3\httpclient-4.5.3.jar;C:\Users\Dinesh\.m2\repository\org\apache\httpcomponents\httpcore\4.4.6\httpcore-4.4.6.jar;C:\Users\Dinesh\.m2\repository\com\squareup\okhttp3\okhttp\3.9.1\okhttp-3.9.1.jar;C:\Users\Dinesh\.m2\repository\com\squareup\okio\okio\1.13.0\okio-1.13.0.jar;C:\Users\Dinesh\.m2\repository\org\testng\testng\6.8\testng-6.8.jar;C:\Users\Dinesh\.m2\repository\org\beanshell\bsh\2.0b4\bsh-2.0b4.jar;C:\Users\Dinesh\.m2\repository\com\beust\jcommander\1.27\jcommander-1.27.jar;C:\Users\Dinesh\.m2\repository\org\yaml\snakeyaml\1.6\snakeyaml-1.6.jar;C:\Users\Dinesh\.m2\repository\io\rest-assured\json-path\4.3.0\json-path-4.3.0.jar;C:\Users\Dinesh\.m2\repository\org\codehaus\groovy\groovy-json\3.0.2\groovy-json-3.0.2.jar;C:\Users\Dinesh\.m2\repository\org\codehaus\groovy\groovy\3.0.2\groovy-3.0.2.jar;C:\Users\Dinesh\.m2\repository\io\rest-assured\rest-assured-common\4.3.0\rest-assured-common-4.3.0.jar;C:\Users\Dinesh\.m2\repository\io\rest-assured\json-schema-validator\4.3.0\json-schema-validator-4.3.0.jar;C:\Users\Dinesh\.m2\repository\com\github\java-json-tools\json-schema-validator\2.2.10\json-schema-validator-2.2.10.jar;C:\Users\Dinesh\.m2\repository\com\github\java-json-tools\json-schema-core\1.2.10\json-schema-core-1.2.10.jar;C:\Users\Dinesh\.m2\repository\com\github\java-json-tools\jackson-coreutils\1.9\jackson-coreutils-1.9.jar;C:\Users\Dinesh\.m2\repository\com\github\fge\msg-simple\1.1\msg-simple-1.1.jar;C:\Users\Dinesh\.m2\repository\com\github\fge\btf\1.2\btf-1.2.jar;C:\Users\Dinesh\.m2\repository\com\github\fge\uri-template\0.9\uri-template-0.9.jar;C:\Users\Dinesh\.m2\repository\org\mozilla\rhino\1.7.7.1\rhino-1.7.7.1.jar;C:\Users\Dinesh\.m2\repository\javax\mail\mailapi\1.4.3\mailapi-1.4.3.jar;C:\Users\Dinesh\.m2\repository\joda-time\joda-time\2.9.7\joda-time-2.9.7.jar;C:\Users\Dinesh\.m2\repository\com\googlecode\libphonenumber\libphonenumber\8.0.0\libphonenumber-8.0.0.jar;C:\Users\Dinesh\.m2\repository\net\sf\jopt-simple\jopt-simple\5.0.3\jopt-simple-5.0.3.jar;C:\Users\Dinesh\.m2\repository\org\hamcrest\hamcrest\2.1\hamcrest-2.1.jar;C:\Users\Dinesh\.m2\repository\io\rest-assured\rest-assured\4.3.0\rest-assured-4.3.0.jar;C:\Users\Dinesh\.m2\repository\org\codehaus\groovy\groovy-xml\3.0.2\groovy-xml-3.0.2.jar;C:\Users\Dinesh\.m2\repository\org\apache\httpcomponents\httpmime\4.5.3\httpmime-4.5.3.jar;C:\Users\Dinesh\.m2\repository\org\ccil\cowan\tagsoup\tagsoup\1.2.1\tagsoup-1.2.1.jar;C:\Users\Dinesh\.m2\repository\io\rest-assured\xml-path\4.3.0\xml-path-4.3.0.jar;C:\Users\Dinesh\.m2\repository\org\apache\commons\commons-lang3\3.4\commons-lang3-3.4.jar;C:\Users\Dinesh\.m2\repository\jakarta\xml\bind\jakarta.xml.bind-api\2.3.2\jakarta.xml.bind-api-2.3.2.jar;C:\Users\Dinesh\.m2\repository\jakarta\activation\jakarta.activation-api\1.2.1\jakarta.activation-api-1.2.1.jar;C:\Users\Dinesh\.m2\repository\com\sun\xml\bind\jaxb-osgi\2.3.0.1\jaxb-osgi-2.3.0.1.jar;C:\Users\Dinesh\.m2\repository\org\apache\sling\org.apache.sling.javax.activation\0.1.0\org.apache.sling.javax.activation-0.1.0.jar;C:\Users\Dinesh\.m2\repository\javax\activation\activation\1.1.1\activation-1.1.1.jar;C:\Users\Dinesh\.m2\repository\com\fasterxml\jackson\core\jackson-databind\2.13.3\jackson-databind-2.13.3.jar;C:\Users\Dinesh\.m2\repository\com\fasterxml\jackson\core\jackson-annotations\2.13.3\jackson-annotations-2.13.3.jar;C:\Users\Dinesh\.m2\repository\com\fasterxml\jackson\core\jackson-core\2.13.3\jackson-core-2.13.3.jar;C:\Users\Dinesh\.m2\repository\com\google\code\gson\gson\2.9.0\gson-2.9.0.jar;C:\Users\Dinesh\.m2\repository\org\hamcrest\hamcrest-all\1.3\hamcrest-all-1.3.jar;C:\Users\Dinesh\.m2\repository\com\microsoft\sqlserver\mssql-jdbc\11.2.0.jre8\mssql-jdbc-11.2.0.jre8.jar;C:\Users\Dinesh\.m2\repository\com\microsoft\azure\msal4j\1.13.0\msal4j-1.13.0.jar;C:\Users\Dinesh\.m2\repository\com\nimbusds\oauth2-oidc-sdk\9.35\oauth2-oidc-sdk-9.35.jar;C:\Users\Dinesh\.m2\repository\com\github\stephenc\jcip\jcip-annotations\1.0-1\jcip-annotations-1.0-1.jar;C:\Users\Dinesh\.m2\repository\com\nimbusds\content-type\2.2\content-type-2.2.jar;C:\Users\Dinesh\.m2\repository\com\nimbusds\lang-tag\1.6\lang-tag-1.6.jar;C:\Users\Dinesh\.m2\repository\com\nimbusds\nimbus-jose-jwt\9.22\nimbus-jose-jwt-9.22.jar;C:\Users\Dinesh\.m2\repository\net\minidev\json-smart\2.4.8\json-smart-2.4.8.jar;C:\Users\Dinesh\.m2\repository\net\minidev\accessors-smart\2.4.8\accessors-smart-2.4.8.jar;C:\Users\Dinesh\.m2\repository\org\ow2\asm\asm\9.1\asm-9.1.jar;C:\Users\Dinesh\.m2\repository\org\slf4j\slf4j-api\1.7.36\slf4j-api-1.7.36.jar;C:\Users\Dinesh\.m2\repository\commons-io\commons-io\1.3.2\commons-io-1.3.2.jar;C:\Users\Dinesh\.m2\repository\org\apache\poi\poi-ooxml\3.17\poi-ooxml-3.17.jar;C:\Users\Dinesh\.m2\repository\org\apache\poi\poi\3.17\poi-3.17.jar;C:\Users\Dinesh\.m2\repository\org\apache\commons\commons-collections4\4.1\commons-collections4-4.1.jar;C:\Users\Dinesh\.m2\repository\org\apache\poi\poi-ooxml-schemas\3.17\poi-ooxml-schemas-3.17.jar;C:\Users\Dinesh\.m2\repository\org\apache\xmlbeans\xmlbeans\2.6.0\xmlbeans-2.6.0.jar;C:\Users\Dinesh\.m2\repository\stax\stax-api\1.0.1\stax-api-1.0.1.jar;C:\Users\Dinesh\.m2\repository\com\github\virtuald\curvesapi\1.04\curvesapi-1.04.jar;C:\Users\Dinesh\.m2\repository\com\relevantcodes\extentreports\2.41.2\extentreports-2.41.2.jar;C:\Users\Dinesh\.m2\repository\org\jsoup\jsoup\1.8.3\jsoup-1.8.3.jar;C:\Users\Dinesh\.m2\repository\org\xerial\sqlite-jdbc\3.8.11.1\sqlite-jdbc-3.8.11.1.jar;C:\Users\Dinesh\.m2\repository\org\freemarker\freemarker\2.3.23\freemarker-2.3.23.jar;C:\Users\Dinesh\.m2\repository\org\mongodb\mongodb-driver\3.0.4\mongodb-driver-3.0.4.jar;C:\Users\Dinesh\.m2\repository\org\mongodb\bson\3.0.4\bson-3.0.4.jar;C:\Users\Dinesh\.m2\repository\org\mongodb\mongodb-driver-core\3.0.4\mongodb-driver-core-3.0.4.jar;"/>
    <property name="sun.cpu.endian" value="little"/>
    <property name="user.home" value="C:\Users\Dinesh"/>
    <property name="user.language" value="en"/>
    <property name="java.specification.vendor" value="Oracle Corporation"/>
    <property name="java.version.date" value="2022-10-18"/>
    <property name="java.home" value="C:\Program Files\Java\jdk-17.0.5"/>
    <property name="file.separator" value="\"/>
    <property name="style.color" value="always"/>
    <property name="basedir" value="D:\Karate Framework\test1"/>
    <property name="java.vm.compressedOopsMode" value="32-bit"/>
    <property name="line.separator" value="&#10;"/>
    <property name="java.vm.specification.vendor" value="Oracle Corporation"/>
    <property name="java.specification.name" value="Java Platform API Specification"/>
    <property name="surefire.real.class.path" value="C:\Users\Dinesh\AppData\Local\Temp\surefire5827267695779116960\surefirebooter-20231002212901402_3.jar"/>
    <property name="user.script" value=""/>
    <property name="sun.management.compiler" value="HotSpot 64-Bit Tiered Compilers"/>
    <property name="java.runtime.version" value="17.0.5+9-LTS-191"/>
    <property name="user.name" value="Dinesh"/>
    <property name="path.separator" value=";"/>
    <property name="os.version" value="10.0"/>
    <property name="java.runtime.name" value="Java(TM) SE Runtime Environment"/>
    <property name="file.encoding" value="Cp1252"/>
    <property name="java.vm.name" value="Java HotSpot(TM) 64-Bit Server VM"/>
    <property name="localRepository" value="C:\Users\Dinesh\.m2\repository"/>
    <property name="java.vendor.url.bug" value="https://bugreport.java.com/bugreport/"/>
    <property name="java.io.tmpdir" value="C:\Users\Dinesh\AppData\Local\Temp\"/>
    <property name="java.version" value="17.0.5"/>
    <property name="user.dir" value="D:\Karate Framework\test1"/>
    <property name="os.arch" value="amd64"/>
    <property name="java.vm.specification.name" value="Java Virtual Machine Specification"/>
    <property name="sun.os.patch.level" value=""/>
    <property name="native.encoding" value="Cp1252"/>
    <property name="java.library.path" value="C:\Program Files\Java\jdk-17.0.5\bin;C:\WINDOWS\Sun\Java\bin;C:\WINDOWS\system32;C:\WINDOWS;C:\Program Files\Common Files\Oracle\Java\javapath;C:\WINDOWS\system32;C:\WINDOWS;C:\WINDOWS\System32\Wbem;C:\WINDOWS\System32\WindowsPowerShell\v1.0\;C:\WINDOWS\System32\OpenSSH\;C:\Program Files\nodejs\;C:\Program Files (x86)\Yarn\bin\;C:\Program Files\Microsoft SQL Server\Client SDK\ODBC\170\Tools\Binn\;C:\Program Files (x86)\Microsoft SQL Server\150\Tools\Binn\;C:\Program Files\Microsoft SQL Server\150\Tools\Binn\;C:\Program Files\Microsoft SQL Server\150\DTS\Binn\;C:\Program Files\Azure Data Studio\bin;C:\Program Files\apache-maven-3.8.6-bin\apache-maven-3.8.6\bin;C:\Program Files\Java\jdk-17.0.5\bin;C:\Program Files\Docker\Docker\resources\bin;C:\Program Files\Git\cmd;C:\Program Files\nodejs;C:\Program Files\nodejs\node_modules;C:\Program Files (x86)\Microsoft SQL Server\150\DTS\Binn\;C:\Users\Dinesh\AppData\Local\Microsoft\WindowsApps;C:\Users\Dinesh\AppData\Roaming\npm;C:\Users\Dinesh\AppData\Local\Yarn\bin;C:\Program Files\Azure Data Studio\bin;;."/>
    <property name="java.vm.info" value="mixed mode, sharing"/>
    <property name="java.vendor" value="Oracle Corporation"/>
    <property name="java.vm.version" value="17.0.5+9-LTS-191"/>
    <property name="sun.io.unicode.encoding" value="UnicodeLittle"/>
    <property name="java.class.version" value="61.0"/>
  </properties>
  <testcase name="addProductUsingSingletonlogin" classname="LetsShop.AddProduct" time="2.953">
    <system-out><![CDATA[Extent Report Started
200
{"token":"eyJhbGciOiJIUzI1NiIsInR5cCI6IkpXVCJ9.eyJfaWQiOiI2MzZmN2MzY2Q3Nzc4ZjU3OTcyZWRiNzYiLCJ1c2VyRW1haWwiOiJwYXRpbGRpbmVzaDE5QGhvdG1haWwuY29tIiwidXNlck1vYmlsZSI6OTAxMTU3OTIwMCwidXNlclJvbGUiOiJjdXN0b21lciIsImlhdCI6MTY5NjI2MjM0NCwiZXhwIjoxNzI3ODE5OTQ0fQ.2TBLYD8r11Dh_yXtUpyYXRqsi8lXOkZEIZN24RCEvAo","userId":"636f7c3cd7778f57972edb76","message":"Login Successfully"}
Request method:	POST
Request URI:	https://www.rahulshettyacademy.com/api/ecom/product/add-product
Proxy:			<none>
Request params:	<none>
Query params:	<none>
Form params:	productName=
				productAddedBy=636f7c3cd7778f57972edb76
				productCategory=electronics
				productSubCategory=laptops
				productPrice=20500
				productDescription=8 GB Ram 15 inc
				productFor=men
Path params:	<none>
Headers:		Authorization=eyJhbGciOiJIUzI1NiIsInR5cCI6IkpXVCJ9.eyJfaWQiOiI2MzZmN2MzY2Q3Nzc4ZjU3OTcyZWRiNzYiLCJ1c2VyRW1haWwiOiJwYXRpbGRpbmVzaDE5QGhvdG1haWwuY29tIiwidXNlck1vYmlsZSI6OTAxMTU3OTIwMCwidXNlclJvbGUiOiJjdXN0b21lciIsImlhdCI6MTY5NjI2MjM0NCwiZXhwIjoxNzI3ODE5OTQ0fQ.2TBLYD8r11Dh_yXtUpyYXRqsi8lXOkZEIZN24RCEvAo
				Accept=*/*
				Content-Type=multipart/form-data
Cookies:		<none>
Multiparts:		------------
				Content-Disposition: form-data; name = productImage; filename = Dell.jpg
				Content-Type: application/octet-stream

				resources\Images\Dell.jpg
Body:			<none>
{"message":{"errors":{"productName":{"name":"ValidatorError","message":"Product Name is required","properties":{"message":"Product Name is required","type":"required","path":"productName","value":""},"kind":"required","path":"productName","value":""}},"_message":"Product validation failed","name":"ValidationError","message":"Product validation failed: productName: Product Name is required"}}
Request method:	POST
Request URI:	https://www.rahulshettyacademy.com/api/ecom/product/add-product
Proxy:			<none>
Request params:	<none>
Query params:	<none>
Form params:	productName=Lenova LAPTOP
				productAddedBy=636f7c3cd7778f57972edb76
				productCategory=
				productSubCategory=laptops
				productPrice=120000
				productDescription=16 GB RAM 22 Inc
				productFor=men
Path params:	<none>
Headers:		Authorization=eyJhbGciOiJIUzI1NiIsInR5cCI6IkpXVCJ9.eyJfaWQiOiI2MzZmN2MzY2Q3Nzc4ZjU3OTcyZWRiNzYiLCJ1c2VyRW1haWwiOiJwYXRpbGRpbmVzaDE5QGhvdG1haWwuY29tIiwidXNlck1vYmlsZSI6OTAxMTU3OTIwMCwidXNlclJvbGUiOiJjdXN0b21lciIsImlhdCI6MTY5NjI2MjM0NCwiZXhwIjoxNzI3ODE5OTQ0fQ.2TBLYD8r11Dh_yXtUpyYXRqsi8lXOkZEIZN24RCEvAo
				Accept=*/*
				Content-Type=multipart/form-data
Cookies:		<none>
Multiparts:		------------
				Content-Disposition: form-data; name = productImage; filename = Lenova.jpg
				Content-Type: application/octet-stream

				resources\Images\Lenova.jpg
Body:			<none>
{"message":{"errors":{"productCategory":{"name":"ValidatorError","message":"Product Category is required","properties":{"message":"Product Category is required","type":"required","path":"productCategory","value":""},"kind":"required","path":"productCategory","value":""}},"_message":"Product validation failed","name":"ValidationError","message":"Product validation failed: productCategory: Product Category is required"}}
Request method:	POST
Request URI:	https://www.rahulshettyacademy.com/api/ecom/product/add-product
Proxy:			<none>
Request params:	<none>
Query params:	<none>
Form params:	productName=DELL LAPTOP
				productAddedBy=636f7c3cd7778f57972edb76
				productCategory=electronics
				productSubCategory=laptops
				productPrice=20500
				productDescription=8 GB Ram 15 inc
				productFor=men
Path params:	<none>
Headers:		Authorization=eyJhbGciOiJIUzI1NiIsInR5cCI6IkpXVCJ9.eyJfaWQiOiI2MzZmN2MzY2Q3Nzc4ZjU3OTcyZWRiNzYiLCJ1c2VyRW1haWwiOiJwYXRpbGRpbmVzaDE5QGhvdG1haWwuY29tIiwidXNlck1vYmlsZSI6OTAxMTU3OTIwMCwidXNlclJvbGUiOiJjdXN0b21lciIsImlhdCI6MTY5NjI2MjM0NCwiZXhwIjoxNzI3ODE5OTQ0fQ.2TBLYD8r11Dh_yXtUpyYXRqsi8lXOkZEIZN24RCEvAo
				Accept=*/*
				Content-Type=multipart/form-data
Cookies:		<none>
Multiparts:		------------
				Content-Disposition: form-data; name = productImage; filename = Dell.jpg
				Content-Type: application/octet-stream

				resources\Images\Dell.jpg
Body:			<none>
{"productId":"651ae8c97244490f95c0c102","message":"Product Added Successfully"}
Product added sucessfully
Request method:	POST
Request URI:	https://www.rahulshettyacademy.com/api/ecom/product/add-product
Proxy:			<none>
Request params:	<none>
Query params:	<none>
Form params:	productName=Lenova LAPTOP
				productAddedBy=636f7c3cd7778f57972edb76
				productCategory=electronics
				productSubCategory=laptops
				productPrice=120000
				productDescription=16 GB RAM 22 Inc
				productFor=men
Path params:	<none>
Headers:		Authorization=eyJhbGciOiJIUzI1NiIsInR5cCI6IkpXVCJ9.eyJfaWQiOiI2MzZmN2MzY2Q3Nzc4ZjU3OTcyZWRiNzYiLCJ1c2VyRW1haWwiOiJwYXRpbGRpbmVzaDE5QGhvdG1haWwuY29tIiwidXNlck1vYmlsZSI6OTAxMTU3OTIwMCwidXNlclJvbGUiOiJjdXN0b21lciIsImlhdCI6MTY5NjI2MjM0NCwiZXhwIjoxNzI3ODE5OTQ0fQ.2TBLYD8r11Dh_yXtUpyYXRqsi8lXOkZEIZN24RCEvAo
				Accept=*/*
				Content-Type=multipart/form-data
Cookies:		<none>
Multiparts:		------------
				Content-Disposition: form-data; name = productImage; filename = Lenova.jpg
				Content-Type: application/octet-stream

				resources\Images\Lenova.jpg
Body:			<none>
{"productId":"651ae8c97244490f95c0c105","message":"Product Added Successfully"}
Product added sucessfully
Request method:	POST
Request URI:	https://www.rahulshettyacademy.com/api/ecom/product/add-product
Proxy:			<none>
Request params:	<none>
Query params:	<none>
Form params:	productName=Lenova LAPTOP
				productAddedBy=636f7c3cd7778f57972edb76
				productCategory=electronics
				productSubCategory=laptops
				productPrice=120000
				productDescription=16 GB RAM 22 Inc
				productFor=men
Path params:	<none>
Headers:		Authorization=eyJhbGciOiJIUzI1NiIsInR5cCI6IkpXVCJ9.eyJfaWQiOiI2MzZmN2MzY2Q3Nzc4ZjU3OTcyZWRiNzYiLCJ1c2VyRW1haWwiOiJwYXRpbGRpbmVzaDE5QGhvdG1haWwuY29tIiwidXNlck1vYmlsZSI6OTAxMTU3OTIwMCwidXNlclJvbGUiOiJjdXN0b21lciIsImlhdCI6MTY5NjI2MjM0NCwiZXhwIjoxNzI3ODE5OTQ0fQ.2TBLYD8r11Dh_yXtUpyYXRqsi8lXOkZEIZN24RCEvAo
				Accept=*/*
				Content-Type=multipart/form-data
Cookies:		<none>
Multiparts:		------------
				Content-Disposition: form-data; name = productImage; filename = lecture.txt
				Content-Type: application/octet-stream

				resources\TestData\lecture.txt
Body:			<none>
{"type":"Something Went Wrong","message":{"storageErrors":[]}}
Total Product added2
Product ID0Product name Is 651ae8c97244490f95c0c102
Product ID1Product name Is 651ae8c97244490f95c0c105
]]></system-out>
  </testcase>
  <testcase name="validateJsonSchemaForGetAllProduct" classname="LetsShop.GetProductDetails" time="0.557">
    <system-out><![CDATA[Request method:	POST
Request URI:	https://www.rahulshettyacademy.com/api/ecom/product/get-all-products
Proxy:			<none>
Request params:	<none>
Query params:	<none>
Form params:	<none>
Path params:	<none>
Headers:		Authorization=eyJhbGciOiJIUzI1NiIsInR5cCI6IkpXVCJ9.eyJfaWQiOiI2MzZmN2MzY2Q3Nzc4ZjU3OTcyZWRiNzYiLCJ1c2VyRW1haWwiOiJwYXRpbGRpbmVzaDE5QGhvdG1haWwuY29tIiwidXNlck1vYmlsZSI6OTAxMTU3OTIwMCwidXNlclJvbGUiOiJjdXN0b21lciIsImlhdCI6MTY5NjI2MjM0NCwiZXhwIjoxNzI3ODE5OTQ0fQ.2TBLYD8r11Dh_yXtUpyYXRqsi8lXOkZEIZN24RCEvAo
				Accept=*/*
				Content-Type=Application/json; charset=UTF-8
Cookies:		<none>
Multiparts:		<none>
Body:			<none>
]]></system-out>
  </testcase>
  <testcase name="verifyAddedProductUsingSingaletonLogin" classname="LetsShop.GetProductDetails" time="0.166">
    <system-out><![CDATA[Request method:	POST
Request URI:	https://www.rahulshettyacademy.com/api/ecom/product/get-all-products
Proxy:			<none>
Request params:	<none>
Query params:	<none>
Form params:	<none>
Path params:	<none>
Headers:		Authorization=eyJhbGciOiJIUzI1NiIsInR5cCI6IkpXVCJ9.eyJfaWQiOiI2MzZmN2MzY2Q3Nzc4ZjU3OTcyZWRiNzYiLCJ1c2VyRW1haWwiOiJwYXRpbGRpbmVzaDE5QGhvdG1haWwuY29tIiwidXNlck1vYmlsZSI6OTAxMTU3OTIwMCwidXNlclJvbGUiOiJjdXN0b21lciIsImlhdCI6MTY5NjI2MjM0NCwiZXhwIjoxNzI3ODE5OTQ0fQ.2TBLYD8r11Dh_yXtUpyYXRqsi8lXOkZEIZN24RCEvAo
				Accept=*/*
				Content-Type=Application/json; charset=UTF-8
Cookies:		<none>
Multiparts:		<none>
Body:			<none>
{"data":[{"_id":"6262e95ae26b7e1a10e89bf0","productName":"zara coat 3","productCategory":"fashion","productSubCategory":"shirts","productPrice":31500,"productDescription":"zara coat 3","productImage":"https://rahulshettyacademy.com/api/ecom/uploads/productImage_1650649434146.jpeg","productRating":"0","productTotalOrders":"0","productStatus":true,"productFor":"women","productAddedBy":"admin@gmail.com","__v":0},{"_id":"6262e990e26b7e1a10e89bfa","productName":"adidas original","productCategory":"fashion","productSubCategory":"shirts","productPrice":31500,"productDescription":"adidas original","productImage":"https://rahulshettyacademy.com/api/ecom/uploads/productImage_1650649488046.jpg","productRating":"0","productTotalOrders":"0","productStatus":true,"productFor":"men","productAddedBy":"admin@gmail.com","__v":0},{"_id":"6262e9d9e26b7e1a10e89c04","productName":"iphone 13 pro","productCategory":"electronics","productSubCategory":"shirts","productPrice":231500,"productDescription":"iphone 13 pro","productImage":"https://rahulshettyacademy.com/api/ecom/uploads/productImage_1650649561326.jpg","productRating":"0","productTotalOrders":"0","productStatus":true,"productFor":"men","productAddedBy":"admin@gmail.com","__v":0},{"_id":"651ae8c97244490f95c0c102","productName":"DELL LAPTOP","productCategory":"electronics","productSubCategory":"laptops","productPrice":20500,"productDescription":"8 GB Ram 15 inc","productImage":"https://rahulshettyacademy.com/api/ecom/uploads/productImage_1696262345381.jpg","productRating":"0","productTotalOrders":"0","productStatus":true,"productFor":"men","productAddedBy":"636f7c3cd7778f57972edb76","__v":0},{"_id":"651ae8c97244490f95c0c105","productName":"Lenova LAPTOP","productCategory":"electronics","productSubCategory":"laptops","productPrice":120000,"productDescription":"16 GB RAM 22 Inc","productImage":"https://rahulshettyacademy.com/api/ecom/uploads/productImage_1696262345512.jpg","productRating":"0","productTotalOrders":"0","productStatus":true,"productFor":"men","productAddedBy":"636f7c3cd7778f57972edb76","__v":0}],"count":5,"message":"All Products fetched Successfully"}
Total number of Product =5
Addded 4th Product is 651ae8c97244490f95c0c105
Product Added sucessfully651ae8c97244490f95c0c102
Product Added sucessfully651ae8c97244490f95c0c105
]]></system-out>
  </testcase>
  <testcase name="verifyGetProductdetailsFromDB" classname="LetsShop.GetProductDetails" time="0.33">
    <system-out><![CDATA[Request method:	POST
Request URI:	https://www.rahulshettyacademy.com/api/ecom/product/get-all-products
Proxy:			<none>
Request params:	<none>
Query params:	<none>
Form params:	<none>
Path params:	<none>
Headers:		Authorization=eyJhbGciOiJIUzI1NiIsInR5cCI6IkpXVCJ9.eyJfaWQiOiI2MzZmN2MzY2Q3Nzc4ZjU3OTcyZWRiNzYiLCJ1c2VyRW1haWwiOiJwYXRpbGRpbmVzaDE5QGhvdG1haWwuY29tIiwidXNlck1vYmlsZSI6OTAxMTU3OTIwMCwidXNlclJvbGUiOiJjdXN0b21lciIsImlhdCI6MTY5NjI2MjM0NCwiZXhwIjoxNzI3ODE5OTQ0fQ.2TBLYD8r11Dh_yXtUpyYXRqsi8lXOkZEIZN24RCEvAo
				Accept=*/*
				Content-Type=Application/json; charset=UTF-8
Cookies:		<none>
Multiparts:		<none>
Body:			<none>
{"data":[{"_id":"6262e95ae26b7e1a10e89bf0","productName":"zara coat 3","productCategory":"fashion","productSubCategory":"shirts","productPrice":31500,"productDescription":"zara coat 3","productImage":"https://rahulshettyacademy.com/api/ecom/uploads/productImage_1650649434146.jpeg","productRating":"0","productTotalOrders":"0","productStatus":true,"productFor":"women","productAddedBy":"admin@gmail.com","__v":0},{"_id":"6262e990e26b7e1a10e89bfa","productName":"adidas original","productCategory":"fashion","productSubCategory":"shirts","productPrice":31500,"productDescription":"adidas original","productImage":"https://rahulshettyacademy.com/api/ecom/uploads/productImage_1650649488046.jpg","productRating":"0","productTotalOrders":"0","productStatus":true,"productFor":"men","productAddedBy":"admin@gmail.com","__v":0},{"_id":"6262e9d9e26b7e1a10e89c04","productName":"iphone 13 pro","productCategory":"electronics","productSubCategory":"shirts","productPrice":231500,"productDescription":"iphone 13 pro","productImage":"https://rahulshettyacademy.com/api/ecom/uploads/productImage_1650649561326.jpg","productRating":"0","productTotalOrders":"0","productStatus":true,"productFor":"men","productAddedBy":"admin@gmail.com","__v":0},{"_id":"651ae8c97244490f95c0c102","productName":"DELL LAPTOP","productCategory":"electronics","productSubCategory":"laptops","productPrice":20500,"productDescription":"8 GB Ram 15 inc","productImage":"https://rahulshettyacademy.com/api/ecom/uploads/productImage_1696262345381.jpg","productRating":"0","productTotalOrders":"0","productStatus":true,"productFor":"men","productAddedBy":"636f7c3cd7778f57972edb76","__v":0},{"_id":"651ae8c97244490f95c0c105","productName":"Lenova LAPTOP","productCategory":"electronics","productSubCategory":"laptops","productPrice":120000,"productDescription":"16 GB RAM 22 Inc","productImage":"https://rahulshettyacademy.com/api/ecom/uploads/productImage_1696262345512.jpg","productRating":"0","productTotalOrders":"0","productStatus":true,"productFor":"men","productAddedBy":"636f7c3cd7778f57972edb76","__v":0}],"count":5,"message":"All Products fetched Successfully"}
jdbc:sqlserver://LAPTOP-VN1CB8H2\\QA.database.windows.net:1433;database=Employee_Managment;encrypt=true;trustServerCertificate=true;loginTimeout=30;
sa
DD123@dd123
Coonected to MSSQL server
select PRODUCT_NAME from PRODUCT_DETAILS WHERE PRODUCT_ID=1
PRODUCT_NAME
Value: zara coat 3
]]></system-out>
  </testcase>
  <testcase name="deleteProductusingIDAndSingltoneLogin" classname="LetsShop.DeleteProducts" time="0.158">
    <system-out><![CDATA[Request method:	DELETE
Request URI:	https://www.rahulshettyacademy.com/api/ecom/product/delete-product/651ae8c97244490f95c0c102
Proxy:			<none>
Request params:	<none>
Query params:	<none>
Form params:	<none>
Path params:	<none>
Headers:		Authorization=eyJhbGciOiJIUzI1NiIsInR5cCI6IkpXVCJ9.eyJfaWQiOiI2MzZmN2MzY2Q3Nzc4ZjU3OTcyZWRiNzYiLCJ1c2VyRW1haWwiOiJwYXRpbGRpbmVzaDE5QGhvdG1haWwuY29tIiwidXNlck1vYmlsZSI6OTAxMTU3OTIwMCwidXNlclJvbGUiOiJjdXN0b21lciIsImlhdCI6MTY5NjI2MjM0NCwiZXhwIjoxNzI3ODE5OTQ0fQ.2TBLYD8r11Dh_yXtUpyYXRqsi8lXOkZEIZN24RCEvAo
				Accept=*/*
				Content-Type=Application/json; charset=UTF-8
Cookies:		<none>
Multiparts:		<none>
Body:			<none>
{"message":"Product Deleted Successfully"}
Request method:	DELETE
Request URI:	https://www.rahulshettyacademy.com/api/ecom/product/delete-product/651ae8c97244490f95c0c105
Proxy:			<none>
Request params:	<none>
Query params:	<none>
Form params:	<none>
Path params:	<none>
Headers:		Authorization=eyJhbGciOiJIUzI1NiIsInR5cCI6IkpXVCJ9.eyJfaWQiOiI2MzZmN2MzY2Q3Nzc4ZjU3OTcyZWRiNzYiLCJ1c2VyRW1haWwiOiJwYXRpbGRpbmVzaDE5QGhvdG1haWwuY29tIiwidXNlck1vYmlsZSI6OTAxMTU3OTIwMCwidXNlclJvbGUiOiJjdXN0b21lciIsImlhdCI6MTY5NjI2MjM0NCwiZXhwIjoxNzI3ODE5OTQ0fQ.2TBLYD8r11Dh_yXtUpyYXRqsi8lXOkZEIZN24RCEvAo
				Accept=*/*
				Content-Type=Application/json; charset=UTF-8
Cookies:		<none>
Multiparts:		<none>
Body:			<none>
{"message":"Product Deleted Successfully"}
]]></system-out>
  </testcase>
</testsuite>