<?xml version="1.0" encoding="UTF-8"?>
<!-- Generated by org.testng.reporters.JUnitReportReporter -->
<testsuite hostname="LAPTOP-VN1CB8H2" failures="0" tests="2" name="LetsShop.GetProductDetails" time="0.715" errors="0" timestamp="2023-10-01T10:47:30 IST" skipped="0">
  <testcase classname="LetsShop.GetProductDetails" name="verifyAddedProductUsingSingaletonLogin" time="0.193"/>
  <system-out/>
  <testcase classname="LetsShop.GetProductDetails" name="validateJsonSchemaForGetAllProduct" time="0.522"/>
  <system-out/>
</testsuite> <!-- LetsShop.GetProductDetails -->
