<?xml version="1.0" encoding="UTF-8"?>
<!-- Generated by org.testng.reporters.JUnitReportReporter -->
<testsuite hostname="LAPTOP-VN1CB8H2" failures="0" tests="1" name="LetsShop.AddProduct" time="3.186" errors="0" timestamp="2023-10-01T10:47:30 IST" skipped="0">
  <testcase classname="LetsShop.AddProduct" name="addProductUsingSingletonlogin" time="3.186"/>
  <system-out/>
</testsuite> <!-- LetsShop.AddProduct -->
