<?xml version="1.0" encoding="UTF-8"?>
<!-- Generated by org.testng.reporters.JUnitReportReporter -->
<testsuite hostname="LAPTOP-VN1CB8H2" failures="0" tests="1" name="utils.CoonectToDB" time="0.716" errors="0" timestamp="2023-10-01T19:43:21 IST" skipped="0">
  <testcase classname="utils.CoonectToDB" name="connectdb" time="0.716"/>
  <system-out/>
</testsuite> <!-- utils.CoonectToDB -->
