<?xml version="1.0" encoding="UTF-8"?>
<!-- Generated by org.testng.reporters.JUnitReportReporter -->
<testsuite hostname="LAPTOP-VN1CB8H2" failures="0" tests="1" name="LetsShop.GetProductDetails" time="3.227" errors="0" timestamp="2023-10-01T22:23:17 IST" skipped="0">
  <testcase classname="LetsShop.GetProductDetails" name="verifyGetProductdetailsFromDB" time="3.227"/>
  <system-out/>
</testsuite> <!-- LetsShop.GetProductDetails -->
