<?xml version="1.0" encoding="UTF-8"?>
<!-- Generated by org.testng.reporters.JUnitReportReporter -->
<testsuite hostname="LAPTOP-VN1CB8H2" failures="0" tests="1" name="utils.FetchValueFromDB" time="0.397" errors="0" timestamp="2023-10-01T21:56:32 IST" skipped="0">
  <testcase classname="utils.FetchValueFromDB" name="verifyGetProductdetailsFromDB" time="0.397"/>
  <system-out/>
</testsuite> <!-- utils.FetchValueFromDB -->
