<?xml version="1.0" encoding="UTF-8"?>
<!-- Generated by org.testng.reporters.JUnitReportReporter -->
<testsuite hostname="LAPTOP-VN1CB8H2" failures="0" tests="3" name="utils.ReadJsonFile" time="0.177" errors="0" timestamp="2023-09-16T19:25:59 IST" skipped="0">
  <testcase classname="utils.ReadJsonFile" name="readPetsDetailsJson" time="0.014"/>
  <system-out/>
  <testcase classname="utils.ReadJsonFile" name="readAddProductJson" time="0.161"/>
  <system-out/>
  <testcase classname="utils.ReadJsonFile" name="readcustomerTestDateFromDBJson" time="0.002"/>
  <system-out/>
</testsuite> <!-- utils.ReadJsonFile -->
