<?xml version="1.0" encoding="UTF-8"?>
<!-- Generated by org.testng.reporters.JUnitReportReporter -->
<testsuite hostname="LAPTOP-VN1CB8H2" failures="0" tests="1" name="LetsShop.LetsShopTest" time="3.183" errors="0" timestamp="2023-09-07T15:36:14 IST" skipped="0">
  <testcase classname="LetsShop.LetsShopTest" name="verifyHomePageShowAllProducts" time="3.183"/>
  <system-out/>
</testsuite> <!-- LetsShop.LetsShopTest -->
