<?xml version="1.0" encoding="UTF-8"?>
<!-- Generated by org.testng.reporters.JUnitReportReporter -->
<testsuite hostname="LAPTOP-VN1CB8H2" failures="0" tests="1" name="LetsShop.LoginAndGenerateToken" time="2.525" errors="0" timestamp="2023-09-18T22:33:13 IST" skipped="0">
  <testcase classname="LetsShop.LoginAndGenerateToken" name="verifyInvalidLogin" time="2.525"/>
  <system-out/>
</testsuite> <!-- LetsShop.LoginAndGenerateToken -->
