<?xml version="1.0" encoding="UTF-8"?>
<!-- Generated by org.testng.reporters.JUnitReportReporter -->
<testsuite hostname="LAPTOP-VN1CB8H2" failures="0" tests="1" name="LetsShop.DeleteProducts" time="0.158" errors="0" timestamp="2 Oct 2023 15:59:07 GMT">
  <testcase classname="LetsShop.DeleteProducts" name="deleteProductusingIDAndSingltoneLogin" time="0.158"/>
</testsuite> <!-- LetsShop.DeleteProducts -->
