<?xml version="1.0" encoding="UTF-8"?>
<!-- Generated by org.testng.reporters.JUnitReportReporter -->
<testsuite hostname="LAPTOP-VN1CB8H2" failures="0" tests="3" name="LetsShop.GetProductDetails" time="1.071" errors="0" timestamp="2 Oct 2023 15:59:07 GMT">
  <testcase classname="LetsShop.GetProductDetails" name="verifyAddedProductUsingSingaletonLogin" time="0.166"/>
  <testcase classname="LetsShop.GetProductDetails" name="verifyGetProductdetailsFromDB" time="0.331"/>
  <testcase classname="LetsShop.GetProductDetails" name="validateJsonSchemaForGetAllProduct" time="0.574"/>
</testsuite> <!-- LetsShop.GetProductDetails -->
