<?xml version="1.0" encoding="UTF-8"?>
<!-- Generated by org.testng.reporters.JUnitReportReporter -->
<testsuite hostname="LAPTOP-VN1CB8H2" failures="0" tests="1" name="LetsShop.AddProduct" time="2.958" errors="0" timestamp="2 Oct 2023 15:59:07 GMT">
  <testcase classname="LetsShop.AddProduct" name="addProductUsingSingletonlogin" time="2.958"/>
</testsuite> <!-- LetsShop.AddProduct -->
